Change Component Footprint: Designator=C7 Old Footprint=CAPC0603(1608)_M New Footprint=CAPC0603(1608)_N
Change Component Footprint: Designator=C13 Old Footprint=CAPC0603(1608)_M New Footprint=CAPC0603(1608)_N
Change Component Footprint: Designator=C16 Old Footprint=CAPC0603(1608)_M New Footprint=CAPC0603(1608)_N
Change Component Footprint: Designator=C18 Old Footprint=CAPC0603(1608)_M New Footprint=CAPC0603(1608)_N
Change Component Footprint: Designator=C19 Old Footprint=CAPC0603(1608)_M New Footprint=CAPC0603(1608)_N
Change Component Footprint: Designator=C21 Old Footprint=CAPC0603(1608)_M New Footprint=CAPC0603(1608)_N
Change Component Footprint: Designator=C23 Old Footprint=CAPC0603(1608)_M New Footprint=CAPC0603(1608)_N
Change Component Footprint: Designator=C24 Old Footprint=CAPC0603(1608)_M New Footprint=CAPC0603(1608)_N
Change Component Footprint: Designator=C29 Old Footprint=CAPC0603(1608)_M New Footprint=CAPC0603(1608)_N
Change Component Footprint: Designator=C30 Old Footprint=CAPC0603(1608)_M New Footprint=CAPC0603(1608)_N
Change Component Footprint: Designator=C40 Old Footprint=CAPC0603(1608)_M New Footprint=CAPC0603(1608)_N
Change Component Footprint: Designator=C46 Old Footprint=CAPC0603(1608)_M New Footprint=CAPC0603(1608)_N
Change Component Footprint: Designator=C37 Old Footprint=CAPC1206(3216)_L New Footprint=CAPC1206(3216)_N
Change Component Footprint: Designator=C38 Old Footprint=CAPC1206(3216)_L New Footprint=CAPC1206(3216)_N
Change Component Footprint: Designator=R4 Old Footprint=RESC0603(1608)_L New Footprint=RESC0603(1608)_M
Change Component Footprint: Designator=R13 Old Footprint=RESC0603(1608)_L New Footprint=RESC0603(1608)_M
Change Component Footprint: Designator=R15 Old Footprint=RESC0603(1608)_L New Footprint=RESC0603(1608)_M
Change Component Footprint: Designator=R27 Old Footprint=RESC0603(1608)_M New Footprint=RESC0603(1608)_L
Change Component Footprint: Designator=R2 Old Footprint=RESC0603(1608)_M New Footprint=RESC0603(1608)_N
Change Component Footprint: Designator=R5 Old Footprint=RESC0603(1608)_M New Footprint=RESC0603(1608)_N
Change Component Footprint: Designator=R6 Old Footprint=RESC0603(1608)_M New Footprint=RESC0603(1608)_N
Change Component Footprint: Designator=R7 Old Footprint=RESC0603(1608)_M New Footprint=RESC0603(1608)_N
Change Component Footprint: Designator=R8 Old Footprint=RESC0603(1608)_M New Footprint=RESC0603(1608)_N
Change Component Footprint: Designator=R9 Old Footprint=RESC0603(1608)_M New Footprint=RESC0603(1608)_N
Change Component Footprint: Designator=R12 Old Footprint=RESC0603(1608)_M New Footprint=RESC0603(1608)_N
Change Component Footprint: Designator=R14 Old Footprint=RESC0603(1608)_M New Footprint=RESC0603(1608)_N
Change Component Footprint: Designator=R16 Old Footprint=RESC0603(1608)_M New Footprint=RESC0603(1608)_N
Change Component Footprint: Designator=R17 Old Footprint=RESC0603(1608)_M New Footprint=RESC0603(1608)_N
Change Component Footprint: Designator=R19 Old Footprint=RESC0603(1608)_M New Footprint=RESC0603(1608)_N
Change Component Footprint: Designator=R20 Old Footprint=RESC0603(1608)_M New Footprint=RESC0603(1608)_N
Change Component Footprint: Designator=R21 Old Footprint=RESC0603(1608)_M New Footprint=RESC0603(1608)_N
Change Component Footprint: Designator=R22 Old Footprint=RESC0603(1608)_M New Footprint=RESC0603(1608)_N
Change Component Footprint: Designator=R25 Old Footprint=RESC0603(1608)_M New Footprint=RESC0603(1608)_N
Change Component Footprint: Designator=R28 Old Footprint=RESC0603(1608)_M New Footprint=RESC0603(1608)_N
Change Component Footprint: Designator=R29 Old Footprint=RESC0603(1608)_M New Footprint=RESC0603(1608)_N
Change Component Footprint: Designator=R30 Old Footprint=RESC0603(1608)_M New Footprint=RESC0603(1608)_N
Change Component Footprint: Designator=R31 Old Footprint=RESC0603(1608)_M New Footprint=RESC0603(1608)_N
Added Room: Name=lps_regulator_rev_12
