Removed Pin From Net: NetName=-2V5 Pin=-2V5-1
Removed Pin From Net: NetName=GND Pin=C17-2
Removed Pin From Net: NetName=-2V5 Pin=C48-1
Removed Pin From Net: NetName=GND Pin=C48-2
Removed Pin From Net: NetName=-2V5 Pin=C49-1
Removed Pin From Net: NetName=GND Pin=C49-2
Removed Pin From Net: NetName=VA_TP_GAIN Pin=R4-2
Removed Pin From Net: NetName=NetC17_1 Pin=R9-2
Removed Pin From Net: NetName=GND Pin=R15-1
Removed Pin From Net: NetName=NetC47_2 Pin=R31-1
Removed Pin From Net: NetName=V_offset_adj Pin=R31-2
Removed Pin From Net: NetName=-2V5 Pin=R33-1
Removed Pin From Net: NetName=GND Pin=R33-2
Removed Pin From Net: NetName=3V3 Pin=U8-1
Removed Pin From Net: NetName=NetC17_1 Pin=U8-2
Removed Pin From Net: NetName=IA_TP Pin=U9-5
Removed Pin From Net: NetName=GND Pin=U12-1
Removed Pin From Net: NetName=+5V0 Pin=U12-2
Removed Pin From Net: NetName=GND Pin=U12-4
Removed Pin From Net: NetName=GND Pin=U13-1
Removed Pin From Net: NetName=-2V5 Pin=U13-5
Removed Member From Class: ClassName=lps_regulator_rev_e Member=-2V5
Removed Member From Class: ClassName=lps_regulator_rev_e Member=C20
Removed Member From Class: ClassName=lps_regulator_rev_e Member=C48
Removed Member From Class: ClassName=lps_regulator_rev_e Member=C49
Removed Member From Class: ClassName=lps_regulator_rev_e Member=R33
Removed Member From Class: ClassName=lps_regulator_rev_e Member=U13
Change Component Footprint: Designator=C16 Old Footprint=CAPC0603(1608)_N New Footprint=CAPC0603(1608)_M
Change Component Footprint: Designator=R13 Old Footprint=RESC0603(1608)_M New Footprint=RESC0603(1608)_L
Change Component Footprint: Designator=R15 Old Footprint=RESC0603(1608)_M New Footprint=RESC0603(1608)_L
Change Component Footprint: Designator=R4 Old Footprint=RESC0603(1608)_N New Footprint=RESC0603(1608)_L
Change Component Footprint: Designator=U12 Old Footprint=ROE_5-55 New Footprint=SOt-23-6
Change Component Footprint: Designator=U8 Old Footprint=SOT23 New Footprint=TCA9534APWR-Footprint-1
Change Component Comment : Designator=C25 Old Comment=0.1uF New Comment=10uF
Change Component Comment : Designator=C30 Old Comment=0.1uF New Comment=10uF
Change Component Comment : Designator=R13 Old Comment=1.0K New Comment=10k
Change Component Comment : Designator=R15 Old Comment=1.0K New Comment=10k
Change Component Comment : Designator=R4 Old Comment=100 New Comment=10k
Change Component Comment : Designator=U8 Old Comment=ISL21010CF315Z New Comment=TCA9534APWR
Change Component Comment : Designator=U10 Old Comment=LD29150DT50R New Comment=
Change Component Comment : Designator=U12 Old Comment=ROE_5-5S New Comment=LM2776
Change component parameters: Designator = "R19"; Footprint = "RESC0603(1608)_M"; UniqueID = "\IUENMGIU"
Change component parameters. Clean all parameters for all variants
Change component parameters (AddParameter): Name = "Height"; Value = "550µm"; VariantName = "[No Variations]"
Change component parameters (AddParameter): Name = "Length"; Value = ""; VariantName = "[No Variations]"
Change component parameters (AddParameter): Name = "Max Operating Temperature"; Value = ""; VariantName = "[No Variations]"
Change component parameters (AddParameter): Name = "Min Operating Temperature"; Value = ""; VariantName = "[No Variations]"
Change component parameters (AddParameter): Name = "Operating Temperature"; Value = "-55°C ~ 155°C"; VariantName = "[No Variations]"
Change component parameters (AddParameter): Name = "Package (Imperial)"; Value = "0603"; VariantName = "[No Variations]"
Change component parameters (AddParameter): Name = "Package (Metric)"; Value = "2012"; VariantName = "[No Variations]"
Change component parameters (AddParameter): Name = "Power"; Value = "100mW"; VariantName = "[No Variations]"
Change component parameters (AddParameter): Name = "Resistance"; Value = "1K"; VariantName = "[No Variations]"
Change component parameters (AddParameter): Name = "Temperature Coefficient"; Value = "±100ppm/°C"; VariantName = "[No Variations]"
Change component parameters (AddParameter): Name = "Termination"; Value = "SMD/SMT"; VariantName = "[No Variations]"
Change component parameters (AddParameter): Name = "Tolerance"; Value = "1%"; VariantName = "[No Variations]"
Change component parameters (AddParameter): Name = "Width"; Value = ""; VariantName = "[No Variations]"
Change component parameters: Designator = "R21"; Footprint = "RESC0603(1608)_M"; UniqueID = "\RTAWPFGF"
Change component parameters. Clean all parameters for all variants
Change component parameters (AddParameter): Name = "Height"; Value = "550µm"; VariantName = "[No Variations]"
Change component parameters (AddParameter): Name = "Length"; Value = ""; VariantName = "[No Variations]"
Change component parameters (AddParameter): Name = "Max Operating Temperature"; Value = ""; VariantName = "[No Variations]"
Change component parameters (AddParameter): Name = "Min Operating Temperature"; Value = ""; VariantName = "[No Variations]"
Change component parameters (AddParameter): Name = "Operating Temperature"; Value = "-55°C ~ 155°C"; VariantName = "[No Variations]"
Change component parameters (AddParameter): Name = "Package (Imperial)"; Value = "0603"; VariantName = "[No Variations]"
Change component parameters (AddParameter): Name = "Package (Metric)"; Value = "1608"; VariantName = "[No Variations]"
Change component parameters (AddParameter): Name = "Power"; Value = "100mW"; VariantName = "[No Variations]"
Change component parameters (AddParameter): Name = "Resistance"; Value = "51K"; VariantName = "[No Variations]"
Change component parameters (AddParameter): Name = "Temperature Coefficient"; Value = "±100ppm/°C"; VariantName = "[No Variations]"
Change component parameters (AddParameter): Name = "Termination"; Value = "SMD/SMT"; VariantName = "[No Variations]"
Change component parameters (AddParameter): Name = "Tolerance"; Value = "1%"; VariantName = "[No Variations]"
Change component parameters (AddParameter): Name = "Width"; Value = ""; VariantName = "[No Variations]"
Change component parameters: Designator = "R31"; Footprint = "RESC0603(1608)_M"; UniqueID = "\SWNKFKDS"
Change component parameters. Clean all parameters for all variants
Change component parameters (AddParameter): Name = "Height"; Value = "550µm"; VariantName = "[No Variations]"
Change component parameters (AddParameter): Name = "Length"; Value = ""; VariantName = "[No Variations]"
Change component parameters (AddParameter): Name = "Max Operating Temperature"; Value = ""; VariantName = "[No Variations]"
Change component parameters (AddParameter): Name = "Min Operating Temperature"; Value = ""; VariantName = "[No Variations]"
Change component parameters (AddParameter): Name = "Operating Temperature"; Value = "-55°C ~ 155°C"; VariantName = "[No Variations]"
Change component parameters (AddParameter): Name = "Package (Imperial)"; Value = "0603"; VariantName = "[No Variations]"
Change component parameters (AddParameter): Name = "Package (Metric)"; Value = "2012"; VariantName = "[No Variations]"
Change component parameters (AddParameter): Name = "Power"; Value = "100mW"; VariantName = "[No Variations]"
Change component parameters (AddParameter): Name = "Resistance"; Value = "1K"; VariantName = "[No Variations]"
Change component parameters (AddParameter): Name = "Temperature Coefficient"; Value = "±100ppm/°C"; VariantName = "[No Variations]"
Change component parameters (AddParameter): Name = "Termination"; Value = "SMD/SMT"; VariantName = "[No Variations]"
Change component parameters (AddParameter): Name = "Tolerance"; Value = "1%"; VariantName = "[No Variations]"
Change component parameters (AddParameter): Name = "Width"; Value = ""; VariantName = "[No Variations]"
Change component parameters: Designator = "R13"; Footprint = "RESC0603(1608)_L"; UniqueID = "\TWVLIFXF"
Change component parameters. Clean all parameters for all variants
Change component parameters (AddParameter): Name = "Height"; Value = "550µm"; VariantName = "[No Variations]"
Change component parameters (AddParameter): Name = "Length"; Value = ""; VariantName = "[No Variations]"
Change component parameters (AddParameter): Name = "Max Operating Temperature"; Value = ""; VariantName = "[No Variations]"
Change component parameters (AddParameter): Name = "Min Operating Temperature"; Value = ""; VariantName = "[No Variations]"
Change component parameters (AddParameter): Name = "Operating Temperature"; Value = "-55°C ~ 155°C"; VariantName = "[No Variations]"
Change component parameters (AddParameter): Name = "Package (Imperial)"; Value = "0603"; VariantName = "[No Variations]"
Change component parameters (AddParameter): Name = "Package (Metric)"; Value = "1608"; VariantName = "[No Variations]"
Change component parameters (AddParameter): Name = "Power"; Value = "100mW"; VariantName = "[No Variations]"
Change component parameters (AddParameter): Name = "Resistance"; Value = "10k"; VariantName = "[No Variations]"
Change component parameters (AddParameter): Name = "Temperature Coefficient"; Value = "±25ppm/°C"; VariantName = "[No Variations]"
Change component parameters (AddParameter): Name = "Termination"; Value = "SMD/SMT"; VariantName = "[No Variations]"
Change component parameters (AddParameter): Name = "Tolerance"; Value = "0.1%"; VariantName = "[No Variations]"
Change component parameters (AddParameter): Name = "Width"; Value = ""; VariantName = "[No Variations]"
Change component parameters: Designator = "R4"; Footprint = "RESC0603(1608)_L"; UniqueID = "\ENEZUNIS"
Change component parameters. Clean all parameters for all variants
Change component parameters (AddParameter): Name = "Height"; Value = "550µm"; VariantName = "[No Variations]"
Change component parameters (AddParameter): Name = "Length"; Value = ""; VariantName = "[No Variations]"
Change component parameters (AddParameter): Name = "Max Operating Temperature"; Value = ""; VariantName = "[No Variations]"
Change component parameters (AddParameter): Name = "Min Operating Temperature"; Value = ""; VariantName = "[No Variations]"
Change component parameters (AddParameter): Name = "Operating Temperature"; Value = "-55°C ~ 155°C"; VariantName = "[No Variations]"
Change component parameters (AddParameter): Name = "Package (Imperial)"; Value = "0603"; VariantName = "[No Variations]"
Change component parameters (AddParameter): Name = "Package (Metric)"; Value = "1608"; VariantName = "[No Variations]"
Change component parameters (AddParameter): Name = "Power"; Value = "100mW"; VariantName = "[No Variations]"
Change component parameters (AddParameter): Name = "Resistance"; Value = "10k"; VariantName = "[No Variations]"
Change component parameters (AddParameter): Name = "Temperature Coefficient"; Value = "±25ppm/°C"; VariantName = "[No Variations]"
Change component parameters (AddParameter): Name = "Termination"; Value = "SMD/SMT"; VariantName = "[No Variations]"
Change component parameters (AddParameter): Name = "Tolerance"; Value = "0.1%"; VariantName = "[No Variations]"
Change component parameters (AddParameter): Name = "Width"; Value = ""; VariantName = "[No Variations]"
Change component parameters: Designator = "R15"; Footprint = "RESC0603(1608)_L"; UniqueID = "\IMEONULV"
Change component parameters. Clean all parameters for all variants
Change component parameters (AddParameter): Name = "Height"; Value = "550µm"; VariantName = "[No Variations]"
Change component parameters (AddParameter): Name = "Length"; Value = ""; VariantName = "[No Variations]"
Change component parameters (AddParameter): Name = "Max Operating Temperature"; Value = ""; VariantName = "[No Variations]"
Change component parameters (AddParameter): Name = "Min Operating Temperature"; Value = ""; VariantName = "[No Variations]"
Change component parameters (AddParameter): Name = "Operating Temperature"; Value = "-55°C ~ 155°C"; VariantName = "[No Variations]"
Change component parameters (AddParameter): Name = "Package (Imperial)"; Value = "0603"; VariantName = "[No Variations]"
Change component parameters (AddParameter): Name = "Package (Metric)"; Value = "1608"; VariantName = "[No Variations]"
Change component parameters (AddParameter): Name = "Power"; Value = "100mW"; VariantName = "[No Variations]"
Change component parameters (AddParameter): Name = "Resistance"; Value = "10k"; VariantName = "[No Variations]"
Change component parameters (AddParameter): Name = "Temperature Coefficient"; Value = "±25ppm/°C"; VariantName = "[No Variations]"
Change component parameters (AddParameter): Name = "Termination"; Value = "SMD/SMT"; VariantName = "[No Variations]"
Change component parameters (AddParameter): Name = "Tolerance"; Value = "0.1%"; VariantName = "[No Variations]"
Change component parameters (AddParameter): Name = "Width"; Value = ""; VariantName = "[No Variations]"
Change component parameters: Designator = "U8"; Footprint = "TCA9534APWR-Footprint-1"; UniqueID = "\ASMYDFKN"
Change component parameters. Clean all parameters for all variants
Change component parameters (AddParameter): Name = "Case/Package"; Value = "TSSOP"; VariantName = "[No Variations]"
Change component parameters (AddParameter): Name = "Contact Plating"; Value = "Gold"; VariantName = "[No Variations]"
Change component parameters (AddParameter): Name = "Frequency"; Value = "400kHz"; VariantName = "[No Variations]"
Change component parameters (AddParameter): Name = "Interface"; Value = "I2C"; VariantName = "[No Variations]"
Change component parameters (AddParameter): Name = "Lead Free"; Value = "Lead Free"; VariantName = "[No Variations]"
Change component parameters (AddParameter): Name = "Max Operating Temperature"; Value = "85°C"; VariantName = "[No Variations]"
Change component parameters (AddParameter): Name = "Min Operating Temperature"; Value = "-40°C"; VariantName = "[No Variations]"
Change component parameters (AddParameter): Name = "Mount"; Value = "Surface Mount"; VariantName = "[No Variations]"
Change component parameters (AddParameter): Name = "Number of I/Os"; Value = "8"; VariantName = "[No Variations]"
Change component parameters (AddParameter): Name = "Number of Outputs"; Value = "8"; VariantName = "[No Variations]"
Change component parameters (AddParameter): Name = "Number of Pins"; Value = "16"; VariantName = "[No Variations]"
Change component parameters (AddParameter): Name = "Packaging"; Value = "Tape and Reel"; VariantName = "[No Variations]"
Change component parameters: Designator = "C25"; Footprint = "CAPC0805(2012)_M"; UniqueID = "\QYICMVXA"
Change component parameters. Clean all parameters for all variants
Change component parameters (AddParameter): Name = "Applications"; Value = "General Purpose"; VariantName = "[No Variations]"
Change component parameters (AddParameter): Name = "Capacitance"; Value = "10µF"; VariantName = "[No Variations]"
Change component parameters (AddParameter): Name = "Category"; Value = "Capacitors"; VariantName = "[No Variations]"
Change component parameters (AddParameter): Name = "ComponentLink1Description"; Value = "http://www.murata.com/products/catalog/pdf/c02e.pdf"; VariantName = "[No Variations]"
Change component parameters (AddParameter): Name = "ComponentLink1URL"; Value = "http://www.murata.com/products/catalog/pdf/c02e.pdf"; VariantName = "[No Variations]"
Change component parameters (AddParameter): Name = "Features"; Value = "-"; VariantName = "[No Variations]"
Change component parameters (AddParameter): Name = "Height - Seated (Max)"; Value = "-"; VariantName = "[No Variations]"
Change component parameters (AddParameter): Name = "Lead Spacing"; Value = "-"; VariantName = "[No Variations]"
Change component parameters (AddParameter): Name = "Lead Style"; Value = "-"; VariantName = "[No Variations]"
Change component parameters (AddParameter): Name = "Manufacturer"; Value = "Murata Electronics North America"; VariantName = "[No Variations]"
Change component parameters (AddParameter): Name = "Manufacturer Part Number"; Value = "GRM21BR61C106KE15L"; VariantName = "[No Variations]"
Change component parameters (AddParameter): Name = "Mounting Type"; Value = "Surface Mount, MLCC"; VariantName = "[No Variations]"
Change component parameters (AddParameter): Name = "Operating Temperature"; Value = "-55°C ~ 85°C"; VariantName = "[No Variations]"
Change component parameters (AddParameter): Name = "Package / Case"; Value = "0805 (2012 Metric)"; VariantName = "[No Variations]"
Change component parameters (AddParameter): Name = "Packaging"; Value = "Cut Tape (CT)"; VariantName = "[No Variations]"
Change component parameters (AddParameter): Name = "Pricing 1"; Value = "1=0.25, 10=0.171, 50=0.1038, 100=0.0872, 250=0.07056, 500=0.06226, 1000=0.05291 (USD)"; VariantName = "[No Variations]"
Change component parameters (AddParameter): Name = "Ratings"; Value = "-"; VariantName = "[No Variations]"
Change component parameters (AddParameter): Name = "RoHS"; Value = "RoHS Compliant"; VariantName = "[No Variations]"
Change component parameters (AddParameter): Name = "Size / Dimension"; Value = "0.079" L x 0.049" W (2.00mm x 1.25mm)"; VariantName = "[No Variations]"
Change component parameters (AddParameter): Name = "Stock 1"; Value = "1725870"; VariantName = "[No Variations]"
Change component parameters (AddParameter): Name = "Supplier 1"; Value = "Digi-Key"; VariantName = "[No Variations]"
Change component parameters (AddParameter): Name = "Supplier Part Number 1"; Value = "490-3886-1-ND"; VariantName = "[No Variations]"
Change component parameters (AddParameter): Name = "Temperature Coefficient"; Value = "X5R"; VariantName = "[No Variations]"
Change component parameters (AddParameter): Name = "Thickness (Max)"; Value = "0.053" (1.35mm)"; VariantName = "[No Variations]"
Change component parameters (AddParameter): Name = "Tolerance"; Value = "±10%"; VariantName = "[No Variations]"
Change component parameters (AddParameter): Name = "Voltage - Rated"; Value = "16V"; VariantName = "[No Variations]"
Added Component: Designator=R34(RESC0603(1608)_L)
Add component. Clean all parameters for all variants
Add component (AddParameter): Name = "Height"; Value = "550µm"; VariantName = "[No Variations]"
Add component (AddParameter): Name = "Length"; Value = ""; VariantName = "[No Variations]"
Add component (AddParameter): Name = "Max Operating Temperature"; Value = ""; VariantName = "[No Variations]"
Add component (AddParameter): Name = "Min Operating Temperature"; Value = ""; VariantName = "[No Variations]"
Add component (AddParameter): Name = "Operating Temperature"; Value = "-55°C ~ 155°C"; VariantName = "[No Variations]"
Add component (AddParameter): Name = "Package (Imperial)"; Value = "0603"; VariantName = "[No Variations]"
Add component (AddParameter): Name = "Package (Metric)"; Value = "1608"; VariantName = "[No Variations]"
Add component (AddParameter): Name = "Power"; Value = "100mW"; VariantName = "[No Variations]"
Add component (AddParameter): Name = "Resistance"; Value = "10k"; VariantName = "[No Variations]"
Add component (AddParameter): Name = "Temperature Coefficient"; Value = "±25ppm/°C"; VariantName = "[No Variations]"
Add component (AddParameter): Name = "Termination"; Value = "SMD/SMT"; VariantName = "[No Variations]"
Add component (AddParameter): Name = "Tolerance"; Value = "0.1%"; VariantName = "[No Variations]"
Add component (AddParameter): Name = "Width"; Value = ""; VariantName = "[No Variations]"
Added Component: Designator=TP1(TestPoint-TH 42 mil)
Add component. Clean all parameters for all variants
Add component (AddParameter): Name = "Color"; Value = "Black"; VariantName = "[No Variations]"
Add component (AddParameter): Name = "ComponentLink1Description"; Value = "http://www.keyelco.com/product-pdf.cfm?p=1310"; VariantName = "[No Variations]"
Add component (AddParameter): Name = "ComponentLink1URL"; Value = "http://www.keyelco.com/product-pdf.cfm?p=1310"; VariantName = "[No Variations]"
Add component (AddParameter): Name = "Component Name"; Value = "TestPoint_BLK"; VariantName = "[No Variations]"
Add component (AddParameter): Name = "Manufacturer"; Value = "Keystone Electronics"; VariantName = "[No Variations]"
Add component (AddParameter): Name = "Manufacturer Part Number"; Value = "5001"; VariantName = "[No Variations]"
Add component (AddParameter): Name = "Material"; Value = "Base, Nylon 46, UL 94V-0"; VariantName = "[No Variations]"
Add component (AddParameter): Name = "Mounting Type"; Value = "0.040" (1.02mm) Hole Diameter"; VariantName = "[No Variations]"
Add component (AddParameter): Name = "Packaging"; Value = "Bulk"; VariantName = "[No Variations]"
Add component (AddParameter): Name = "Pin Count"; Value = "1"; VariantName = "[No Variations]"
Add component (AddParameter): Name = "Pricing 1"; Value = "1=0.37, 10=0.316, 50=0.2298, 100=0.2209, 250=0.19832, 500=0.18932, 1000=0.1616, 2500=0.14424, 5000=0.13523 (USD)"; VariantName = "[No Variations]"
Add component (AddParameter): Name = "RoHS"; Value = "RoHS Compliant"; VariantName = "[No Variations]"
Add component (AddParameter): Name = "Stock 1"; Value = "335679"; VariantName = "[No Variations]"
Add component (AddParameter): Name = "Supplier Part Number 1"; Value = ""; VariantName = "[No Variations]"
Add component (AddParameter): Name = "Terminal"; Value = "0.010" x 0.020" (0.25mm x 0.51mm) Phosphor Bronze Wire, Silver Plated"; VariantName = "[No Variations]"
Add component (AddParameter): Name = "Type"; Value = "PC Test Point, Miniature"; VariantName = "[No Variations]"
Added Pin To Net: NetName=-2V5 Pin=-5V0-1
Added Pin To Net: NetName=-2V5 Pin=C26-1
Added Pin To Net: NetName=-2V5 Pin=C50-1
Added Pin To Net: NetName=V_offset_adj Pin=R9-2
Added Pin To Net: NetName=3V3 Pin=R15-2
Added Pin To Net: NetName=VA_TP Pin=R17-1
Added Pin To Net: NetName=3V3 Pin=R31-1
Added Pin To Net: NetName=-2V5 Pin=R32-1
Added Pin To Net: NetName=VA_TP_GAIN Pin=R34-2
Added Pin To Net: NetName=GND Pin=U8-1
Added Pin To Net: NetName=GND Pin=U8-2
Added Pin To Net: NetName=Current_Limit Pin=U8-4
Added Pin To Net: NetName=OUTPUT_ENB Pin=U8-5
Added Pin To Net: NetName=GND Pin=U8-8
Added Pin To Net: NetName=I2C_SCL Pin=U8-14
Added Pin To Net: NetName=I2C_SDA Pin=U8-15
Added Pin To Net: NetName=3V3 Pin=U8-16
Added Pin To Net: NetName=GND Pin=U9-5
Added Pin To Net: NetName=-2V5 Pin=U12-1
Added Pin To Net: NetName=GND Pin=U12-2
Added Pin To Net: NetName=+5V0 Pin=U12-3
Added Pin To Net: NetName=+5V0 Pin=U12-4
Added Pin To Net: NetName=NetC17_1 Pin=U12-5
Change Net Name : Old Net Name=-2V5 New Net Name=-5V0
Added Pin To Net: NetName=/INT Pin=CN2-10
Added Pin To Net: NetName=/INT Pin=R15-1
Added Pin To Net: NetName=/INT Pin=U8-13
Added Net: Name=/INT
Added Pin To Net: NetName=/RST Pin=CN2-9
Added Pin To Net: NetName=/RST Pin=TP1-1
Added Net: Name=/RST
Added Pin To Net: NetName=Debug_LED Pin=U8-6
Added Net: Name=Debug_LED
Added Pin To Net: NetName=NetC17_2 Pin=C17-2
Added Pin To Net: NetName=NetC17_2 Pin=U12-6
Added Net: Name=NetC17_2
Added Pin To Net: NetName=NetLED3_1 Pin=R31-2
Added Net: Name=NetLED3_1
Added Pin To Net: NetName=NetR4_2 Pin=R4-2
Added Pin To Net: NetName=NetR4_2 Pin=R34-1
Added Net: Name=NetR4_2
Added Pin To Net: NetName=NetR23_1 Pin=R23-1
Added Pin To Net: NetName=NetR23_1 Pin=U9-6
Added Net: Name=NetR23_1
Added Pin To Net: NetName=NetR23_2 Pin=R23-2
Added Pin To Net: NetName=NetR23_2 Pin=U9-7
Added Net: Name=NetR23_2
Change Class Name : Old Net Name=lps_regulator_rev_e New Net Name=lps_regulator_rev_12
Added Member To Class: ClassName=lps_regulator_rev_12 Member=Component R34 10k
Added Member To Class: ClassName=lps_regulator_rev_12 Member=Component TP1 TestPoint_BLK
Added Room: Name=lps_regulator_rev_12
