Change Component Designator: Old Designator=+5V0 New Designator=+1
Change Component Designator: Old Designator=+5V0 New Designator=+2
Change Component Designator: Old Designator=+VIN_SW New Designator=+VIN_SW1
Change Component Designator: Old Designator=-5V0 New Designator=-1
Change Component Designator: Old Designator=3V3 New Designator=1
Change Component Designator: Old Designator=C1 New Designator=C28
Change Component Designator: Old Designator=C2 New Designator=C38
Change Component Designator: Old Designator=C3 New Designator=C16
Change Component Designator: Old Designator=C4 New Designator=C24
Change Component Designator: Old Designator=C5 New Designator=C27
Change Component Designator: Old Designator=C6 New Designator=C36
Change Component Designator: Old Designator=C7 New Designator=C29
Change Component Designator: Old Designator=C8 New Designator=C17
Change Component Designator: Old Designator=C9 New Designator=C18
Change Component Designator: Old Designator=C10 New Designator=C12
Change Component Designator: Old Designator=C11 New Designator=C13
Change Component Designator: Old Designator=C12 New Designator=C14
Change Component Designator: Old Designator=C13 New Designator=C19
Change Component Designator: Old Designator=C14 New Designator=C41
Change Component Designator: Old Designator=C15 New Designator=C32
Change Component Designator: Old Designator=C16 New Designator=C26
Change Component Designator: Old Designator=C17 New Designator=C25
Change Component Designator: Old Designator=C18 New Designator=C31
Change Component Designator: Old Designator=C19 New Designator=C33
Change Component Designator: Old Designator=C21 New Designator=C42
Change Component Designator: Old Designator=C22 New Designator=C43
Change Component Designator: Old Designator=C23 New Designator=C47
Change Component Designator: Old Designator=C24 New Designator=C44
Change Component Designator: Old Designator=C25 New Designator=C49
Change Component Designator: Old Designator=C26 New Designator=C39
Change Component Designator: Old Designator=C27 New Designator=C48
Change Component Designator: Old Designator=C28 New Designator=C45
Change Component Designator: Old Designator=C29 New Designator=C30
Change Component Designator: Old Designator=C30 New Designator=C34
Change Component Designator: Old Designator=C31 New Designator=C37
Change Component Designator: Old Designator=C32 New Designator=C6
Change Component Designator: Old Designator=C33 New Designator=C1
Change Component Designator: Old Designator=C34 New Designator=C4
Change Component Designator: Old Designator=C35 New Designator=C5
Change Component Designator: Old Designator=C36 New Designator=C7
Change Component Designator: Old Designator=C37 New Designator=C8
Change Component Designator: Old Designator=C38 New Designator=C9
Change Component Designator: Old Designator=C39 New Designator=C20
Change Component Designator: Old Designator=C40 New Designator=C21
Change Component Designator: Old Designator=C41 New Designator=C22
Change Component Designator: Old Designator=C42 New Designator=C15
Change Component Designator: Old Designator=C43 New Designator=C2
Change Component Designator: Old Designator=C44 New Designator=C11
Change Component Designator: Old Designator=C45 New Designator=C3
Change Component Designator: Old Designator=C46 New Designator=C10
Change Component Designator: Old Designator=C47 New Designator=C23
Change Component Designator: Old Designator=C50 New Designator=C40
Change Component Designator: Old Designator=C? New Designator=C35
Change Component Designator: Old Designator=C? New Designator=C46
Change Component Designator: Old Designator=CN1 New Designator=CN3
Change Component Designator: Old Designator=CN2 New Designator=CN5
Change Component Designator: Old Designator=CN3 New Designator=CN1
Change Component Designator: Old Designator=CN4 New Designator=CN2
Change Component Designator: Old Designator=CN5 New Designator=CN4
Change Component Designator: Old Designator=D1 New Designator=D3
Change Component Designator: Old Designator=D2 New Designator=D1
Change Component Designator: Old Designator=D3 New Designator=D2
Change Component Designator: Old Designator=GND3 New Designator=GND2
Change Component Designator: Old Designator=GND4 New Designator=GND3
Change Component Designator: Old Designator=GND5 New Designator=GND4
Change Component Designator: Old Designator=GND New Designator=GND1
Change Component Designator: Old Designator=I2C_SCL New Designator=I2
Change Component Designator: Old Designator=I2C_SDA New Designator=I1
Change Component Designator: Old Designator=I_sample New Designator=I_sample1
Change Component Designator: Old Designator=IA_TP New Designator=IA_TP1
Change Component Designator: Old Designator=LED1 New Designator=LED3
Change Component Designator: Old Designator=LED2 New Designator=LED1
Change Component Designator: Old Designator=LED? New Designator=LED2
Change Component Designator: Old Designator=OSA_TP New Designator=OSA_TP1
Change Component Designator: Old Designator=PWR_OUT New Designator=PWR_OUT1
Change Component Designator: Old Designator=Q1 New Designator=Q2
Change Component Designator: Old Designator=Q2 New Designator=Q6
Change Component Designator: Old Designator=Q3 New Designator=Q4
Change Component Designator: Old Designator=Q4 New Designator=Q3
Change Component Designator: Old Designator=Q5 New Designator=Q1
Change Component Designator: Old Designator=Q6 New Designator=Q5
Change Component Designator: Old Designator=R1 New Designator=R4
Change Component Designator: Old Designator=R2 New Designator=R3
Change Component Designator: Old Designator=R3 New Designator=R2
Change Component Designator: Old Designator=R4 New Designator=R17
Change Component Designator: Old Designator=R5 New Designator=R6
Change Component Designator: Old Designator=R6 New Designator=R13
Change Component Designator: Old Designator=R7 New Designator=R14
Change Component Designator: Old Designator=R8 New Designator=R9
Change Component Designator: Old Designator=R9 New Designator=R12
Change Component Designator: Old Designator=R10 New Designator=R29
Change Component Designator: Old Designator=R11 New Designator=R26
Change Component Designator: Old Designator=R12 New Designator=R16
Change Component Designator: Old Designator=R13 New Designator=R19
Change Component Designator: Old Designator=R14 New Designator=R8
Change Component Designator: Old Designator=R16 New Designator=R20
Change Component Designator: Old Designator=R17 New Designator=R21
Change Component Designator: Old Designator=R18 New Designator=R5
Change Component Designator: Old Designator=R19 New Designator=R25
Change Component Designator: Old Designator=R20 New Designator=R24
Change Component Designator: Old Designator=R21 New Designator=R22
Change Component Designator: Old Designator=R22 New Designator=R23
Change Component Designator: Old Designator=R23 New Designator=R11
Change Component Designator: Old Designator=R24 New Designator=R10
Change Component Designator: Old Designator=R25 New Designator=R33
Change Component Designator: Old Designator=R26 New Designator=R31
Change Component Designator: Old Designator=R27 New Designator=R7
Change Component Designator: Old Designator=R28 New Designator=R18
Change Component Designator: Old Designator=R29 New Designator=R1
Change Component Designator: Old Designator=R30 New Designator=R28
Change Component Designator: Old Designator=R31 New Designator=R15
Change Component Designator: Old Designator=R? New Designator=R27
Change Component Designator: Old Designator=R? New Designator=R30
Change Component Designator: Old Designator=REG_IN New Designator=REG_IN1
Change Component Designator: Old Designator=TP6 New Designator=TP1
Change Component Designator: Old Designator=U1 New Designator=U2
Change Component Designator: Old Designator=U2 New Designator=U10
Change Component Designator: Old Designator=U3 New Designator=U11
Change Component Designator: Old Designator=U4 New Designator=U3
Change Component Designator: Old Designator=U4 New Designator=U7
Change Component Part ID : Designator=U7 Old Part ID =2 New Part ID =1
Change Component Designator: Old Designator=U7 New Designator=U8
Change Component Designator: Old Designator=U8 New Designator=U4
Change Component Designator: Old Designator=U9 New Designator=U7
Change Component Part ID : Designator=U7 Old Part ID =1 New Part ID =2
Change Component Designator: Old Designator=U9 New Designator=U3
Change Component Designator: Old Designator=U10 New Designator=U12
Change Component Designator: Old Designator=U11 New Designator=U13
Change Component Designator: Old Designator=U14 New Designator=U1
Change Component Designator: Old Designator=U? New Designator=U9
Change Component Designator: Old Designator=U? New Designator=U14
Change Component Designator: Old Designator=VA_TP New Designator=VA_TP1
