Added Component: Designator=CN6(battery_holder_18650)
Add component. Clean all parameters for all variants
Added Component: Designator=CN7(battery_holder_18650)
Add component. Clean all parameters for all variants
Added Component: Designator=CN8(battery_holder_18650)
Add component. Clean all parameters for all variants
Added Component: Designator=CN9(battery_holder_18650)
Add component. Clean all parameters for all variants
Added Pin To Net: NetName=NetCN3_1 Pin=CN6-1
Added Pin To Net: NetName=NetCN2_1 Pin=CN6-2
Added Pin To Net: NetName=NetCN4_1 Pin=CN7-1
Added Pin To Net: NetName=NetCN3_1 Pin=CN7-2
Added Pin To Net: NetName=NetCN1_1 Pin=CN8-1
Added Pin To Net: NetName=GND Pin=CN8-2
Added Pin To Net: NetName=NetCN2_1 Pin=CN9-1
Added Pin To Net: NetName=NetCN1_1 Pin=CN9-2
Added Member To Class: ClassName=bat_pak_reva Member=Component CN6 18650 Bat
Added Member To Class: ClassName=bat_pak_reva Member=Component CN7 18650 Bat
Added Member To Class: ClassName=bat_pak_reva Member=Component CN8 18650 Bat
Added Member To Class: ClassName=bat_pak_reva Member=Component CN9 18650 Bat
