Removed Pin From Net: NetName=GND Pin=C1-2
Removed Pin From Net: NetName=GND Pin=C2-2
Removed Pin From Net: NetName=GND Pin=C3-2
Removed Pin From Net: NetName=GND Pin=C4-2
Removed Pin From Net: NetName=GND Pin=C5-2
Removed Pin From Net: NetName=GND Pin=C6-2
Removed Pin From Net: NetName=GND Pin=C7-2
Removed Pin From Net: NetName=GND Pin=C8-2
Removed Pin From Net: NetName=GND Pin=C9-2
Removed Pin From Net: NetName=GND Pin=C10-2
Removed Pin From Net: NetName=GND Pin=C11-2
Removed Pin From Net: NetName=GND Pin=C12-2
Removed Pin From Net: NetName=GND Pin=C13-2
Removed Pin From Net: NetName=GND Pin=C15-2
Removed Pin From Net: NetName=GND Pin=C25-2
Removed Pin From Net: NetName=GND Pin=C26-2
Removed Pin From Net: NetName=GND Pin=C27-2
Removed Pin From Net: NetName=GND Pin=C28-2
Removed Pin From Net: NetName=GND Pin=C29-2
Removed Pin From Net: NetName=GND Pin=C32-2
Removed Pin From Net: NetName=GND Pin=C33-2
Removed Pin From Net: NetName=GND Pin=C34-2
Removed Pin From Net: NetName=GND Pin=C35-2
Removed Pin From Net: NetName=GND Pin=C36-2
Removed Pin From Net: NetName=GND Pin=CN1-8
Removed Pin From Net: NetName=GND Pin=CN1-11
Removed Pin From Net: NetName=GND Pin=CN1-14
Removed Pin From Net: NetName=GND Pin=CN1-17
Removed Pin From Net: NetName=GND Pin=CN1-20
Removed Pin From Net: NetName=GND Pin=CN1-23
Removed Pin From Net: NetName=GND Pin=CN1-32
Removed Pin From Net: NetName=GND Pin=CN1-33
Removed Pin From Net: NetName=GND Pin=CN5-1
Removed Pin From Net: NetName=NetCN5_2 Pin=CN5-2
Removed Pin From Net: NetName=GND Pin=CN7-2
Removed Pin From Net: NetName=GND Pin=D1-1
Removed Pin From Net: NetName=GND Pin=GND-1
Removed Pin From Net: NetName=GND Pin=J1-2
Removed Pin From Net: NetName=GND Pin=J1-5
Removed Pin From Net: NetName=GND Pin=J1-8
Removed Pin From Net: NetName=GND Pin=J1-11
Removed Pin From Net: NetName=GND Pin=J1-13
Removed Pin From Net: NetName=GND Pin=J1-17
Removed Pin From Net: NetName=GND Pin=J1-20
Removed Pin From Net: NetName=GND Pin=J1-21
Removed Pin From Net: NetName=GND Pin=J1-22
Removed Pin From Net: NetName=GND Pin=J1-23
Removed Pin From Net: NetName=GND Pin=LED1-2
Removed Pin From Net: NetName=GND Pin=Q1-2
Removed Pin From Net: NetName=GND Pin=Q2-1
Removed Pin From Net: NetName=NetCN5_2 Pin=Q2-3
Removed Pin From Net: NetName=NetCN7_1 Pin=R11-2
Removed Pin From Net: NetName=NetCN7_1 Pin=TP1-1
Removed Pin From Net: NetName=GND Pin=TP10-1
Removed Pin From Net: NetName=GND Pin=U1-1
Removed Pin From Net: NetName=GND Pin=U1-3
Removed Pin From Net: NetName=GND Pin=U1-4
Removed Pin From Net: NetName=GND Pin=U1-5
Removed Pin From Net: NetName=GND Pin=U1-19
Removed Pin From Net: NetName=GND Pin=U1-28
Removed Pin From Net: NetName=GND Pin=U1-39
Removed Pin From Net: NetName=GND Pin=U1-45
Removed Pin From Net: NetName=GND Pin=U1-58
Removed Pin From Net: NetName=GND Pin=U1-68
Removed Pin From Net: NetName=GND Pin=U1-76
Removed Pin From Net: NetName=GND Pin=U1-79
Removed Pin From Net: NetName=GND Pin=U1-83
Removed Pin From Net: NetName=GND Pin=U1-87
Removed Pin From Net: NetName=GND Pin=U1-89
Removed Pin From Net: NetName=GND Pin=U1-92
Removed Pin From Net: NetName=GND Pin=U1-98
Removed Pin From Net: NetName=GND Pin=U1-100
Removed Pin From Net: NetName=GND Pin=U1-EPAD
Removed Pin From Net: NetName=GND Pin=U1-EPAD
Removed Pin From Net: NetName=GND Pin=U1-EPAD
Removed Pin From Net: NetName=GND Pin=U1-EPAD
Removed Pin From Net: NetName=GND Pin=U1-EPAD
Removed Pin From Net: NetName=GND Pin=U1-EPAD
Removed Pin From Net: NetName=GND Pin=U1-EPAD
Removed Pin From Net: NetName=GND Pin=U1-EPAD
Removed Pin From Net: NetName=GND Pin=U1-EPAD
Removed Pin From Net: NetName=GND Pin=U1-EPAD
Removed Pin From Net: NetName=GND Pin=U1-EPAD
Removed Pin From Net: NetName=GND Pin=U1-EPAD
Removed Pin From Net: NetName=GND Pin=U1-EPAD
Removed Pin From Net: NetName=GND Pin=U1-EPAD
Removed Pin From Net: NetName=GND Pin=U1-EPAD
Removed Pin From Net: NetName=GND Pin=U1-EPAD
Removed Pin From Net: NetName=GND Pin=U1-EPAD
Removed Pin From Net: NetName=GND Pin=U1-EPAD
Removed Pin From Net: NetName=GND Pin=U1-EPAD
Removed Pin From Net: NetName=GND Pin=U1-EPAD
Removed Pin From Net: NetName=GND Pin=U1-EPAD
Removed Pin From Net: NetName=GND Pin=U1-EPAD
Removed Pin From Net: NetName=GND Pin=U1-EPAD
Removed Pin From Net: NetName=GND Pin=U1-EPAD
Removed Pin From Net: NetName=GND Pin=U1-EPAD
Removed Pin From Net: NetName=GND Pin=U1-EPAD
Removed Pin From Net: NetName=GND Pin=U1-EPAD
Removed Pin From Net: NetName=GND Pin=U1-EPAD
Removed Pin From Net: NetName=GND Pin=U1-EPAD
Removed Pin From Net: NetName=GND Pin=U1-EPAD
Removed Pin From Net: NetName=GND Pin=U1-EPAD
Removed Pin From Net: NetName=GND Pin=U1-EPAD
Removed Pin From Net: NetName=GND Pin=U1-EPAD
Removed Pin From Net: NetName=GND Pin=U1-EPAD
Removed Pin From Net: NetName=GND Pin=U1-EPAD
Removed Pin From Net: NetName=GND Pin=U1-EPAD
Removed Pin From Net: NetName=GND Pin=U1-EPAD
Removed Pin From Net: NetName=GND Pin=U2-5
Removed Pin From Net: NetName=GND Pin=U2-13
Removed Pin From Net: NetName=GND Pin=U2-17
Removed Pin From Net: NetName=GND Pin=U2-21
Removed Pin From Net: NetName=GND Pin=U2-25
Removed Pin From Net: NetName=GND Pin=U2-29
Removed Pin From Net: NetName=GND Pin=U2-33
Removed Pin From Net: NetName=GND Pin=U2-35
Removed Pin From Net: NetName=GND Pin=U2-36
Removed Pin From Net: NetName=GND Pin=U2-43
Removed Pin From Net: NetName=GND Pin=U2-49
Removed Pin From Net: NetName=GND Pin=U2-53
Removed Pin From Net: NetName=GND Pin=U4-4
Removed Pin From Net: NetName=GND Pin=U4-14
Removed Pin From Net: NetName=GND Pin=U4-15
Removed Pin From Net: NetName=GND Pin=U4-17
Removed Pin From Net: NetName=GND Pin=U5-2
Removed Pin From Net: NetName=NetCN7_1 Pin=U5-5
Removed Member From Class: ClassName=hdmi_kd101n9_rev_a Member=3V3
Removed Member From Class: ClassName=hdmi_kd101n9_rev_a Member=12V0_BL
Removed Member From Class: ClassName=hdmi_kd101n9_rev_a Member=C1
Removed Member From Class: ClassName=hdmi_kd101n9_rev_a Member=C2
Removed Member From Class: ClassName=hdmi_kd101n9_rev_a Member=C3
Removed Member From Class: ClassName=hdmi_kd101n9_rev_a Member=C4
Removed Member From Class: ClassName=hdmi_kd101n9_rev_a Member=C5
Removed Member From Class: ClassName=hdmi_kd101n9_rev_a Member=C6
Removed Member From Class: ClassName=hdmi_kd101n9_rev_a Member=C7
Removed Member From Class: ClassName=hdmi_kd101n9_rev_a Member=C8
Removed Member From Class: ClassName=hdmi_kd101n9_rev_a Member=C9
Removed Member From Class: ClassName=hdmi_kd101n9_rev_a Member=C10
Removed Member From Class: ClassName=hdmi_kd101n9_rev_a Member=C11
Removed Member From Class: ClassName=hdmi_kd101n9_rev_a Member=C12
Removed Member From Class: ClassName=hdmi_kd101n9_rev_a Member=C13
Removed Member From Class: ClassName=hdmi_kd101n9_rev_a Member=C14
Removed Member From Class: ClassName=hdmi_kd101n9_rev_a Member=C15
Removed Member From Class: ClassName=hdmi_kd101n9_rev_a Member=C25
Removed Member From Class: ClassName=hdmi_kd101n9_rev_a Member=C26
Removed Member From Class: ClassName=hdmi_kd101n9_rev_a Member=C27
Removed Member From Class: ClassName=hdmi_kd101n9_rev_a Member=C28
Removed Member From Class: ClassName=hdmi_kd101n9_rev_a Member=C29
Removed Member From Class: ClassName=hdmi_kd101n9_rev_a Member=C32
Removed Member From Class: ClassName=hdmi_kd101n9_rev_a Member=C33
Removed Member From Class: ClassName=hdmi_kd101n9_rev_a Member=C34
Removed Member From Class: ClassName=hdmi_kd101n9_rev_a Member=C35
Removed Member From Class: ClassName=hdmi_kd101n9_rev_a Member=C36
Removed Member From Class: ClassName=hdmi_kd101n9_rev_a Member=D1
Removed Member From Class: ClassName=hdmi_kd101n9_rev_a Member=DE
Removed Member From Class: ClassName=hdmi_kd101n9_rev_a Member=FB1
Removed Member From Class: ClassName=hdmi_kd101n9_rev_a Member=FB2
Removed Member From Class: ClassName=hdmi_kd101n9_rev_a Member=FB3
Removed Member From Class: ClassName=hdmi_kd101n9_rev_a Member=FB4
Removed Member From Class: ClassName=hdmi_kd101n9_rev_a Member=FB5
Removed Member From Class: ClassName=hdmi_kd101n9_rev_a Member=GND
Removed Member From Class: ClassName=hdmi_kd101n9_rev_a Member=HDMI_5V0
Removed Member From Class: ClassName=hdmi_kd101n9_rev_a Member=HDMI_DET
Removed Member From Class: ClassName=hdmi_kd101n9_rev_a Member=HSYNC
Removed Member From Class: ClassName=hdmi_kd101n9_rev_a Member=J1
Removed Member From Class: ClassName=hdmi_kd101n9_rev_a Member=L1
Removed Member From Class: ClassName=hdmi_kd101n9_rev_a Member=LED1
Removed Member From Class: ClassName=hdmi_kd101n9_rev_a Member=LED2
Removed Member From Class: ClassName=hdmi_kd101n9_rev_a Member=Q1
Removed Member From Class: ClassName=hdmi_kd101n9_rev_a Member=Q2
Removed Member From Class: ClassName=hdmi_kd101n9_rev_a Member=R1
Removed Member From Class: ClassName=hdmi_kd101n9_rev_a Member=R2
Removed Member From Class: ClassName=hdmi_kd101n9_rev_a Member=R3
Removed Member From Class: ClassName=hdmi_kd101n9_rev_a Member=R4
Removed Member From Class: ClassName=hdmi_kd101n9_rev_a Member=R5
Removed Member From Class: ClassName=hdmi_kd101n9_rev_a Member=R6
Removed Member From Class: ClassName=hdmi_kd101n9_rev_a Member=R9
Removed Member From Class: ClassName=hdmi_kd101n9_rev_a Member=R10
Removed Member From Class: ClassName=hdmi_kd101n9_rev_a Member=R11
Removed Member From Class: ClassName=hdmi_kd101n9_rev_a Member=R14
Removed Member From Class: ClassName=hdmi_kd101n9_rev_a Member=R15
Removed Member From Class: ClassName=hdmi_kd101n9_rev_a Member=R16
Removed Member From Class: ClassName=hdmi_kd101n9_rev_a Member=SCL
Removed Member From Class: ClassName=hdmi_kd101n9_rev_a Member=SDA
Removed Member From Class: ClassName=hdmi_kd101n9_rev_a Member=TP1
Removed Member From Class: ClassName=hdmi_kd101n9_rev_a Member=TP7
Removed Member From Class: ClassName=hdmi_kd101n9_rev_a Member=TP8
Removed Member From Class: ClassName=hdmi_kd101n9_rev_a Member=TP9
Removed Member From Class: ClassName=hdmi_kd101n9_rev_a Member=TP10
Removed Member From Class: ClassName=hdmi_kd101n9_rev_a Member=U1
Removed Member From Class: ClassName=hdmi_kd101n9_rev_a Member=U2
Removed Member From Class: ClassName=hdmi_kd101n9_rev_a Member=U4
Removed Member From Class: ClassName=hdmi_kd101n9_rev_a Member=U5
Removed Member From Class: ClassName=hdmi_kd101n9_rev_a Member=VSYNC
Change Component Footprint: Designator=CN1 Old Footprint=FH12-32S-0,5SH New Footprint=HDR1X2H
Change Component Footprint: Designator=CN7 Old Footprint=HDR1X2 New Footprint=battery_holder_18650
Change Component Comment : Designator=CN1 Old Comment=FH12-32S-0.5SH New Comment=Header 2H
Change Component Comment : Designator=CN7 Old Comment=Header 2 New Comment=18650 Bat
Change Component Designator: OldDesignator=CN5 NewDesignator=CN9
Change component parameters: Designator = "CN7"; Footprint = "battery_holder_18650"; UniqueID = "\QZDXGRNU"
Change component parameters. Clean all parameters for all variants
Change component parameters: Designator = "CN1"; Footprint = "HDR1X2H"; UniqueID = "\URDFLWQB"
Change component parameters. Clean all parameters for all variants
Change component parameters (AddParameter): Name = "Applications"; Value = "-"; VariantName = "[No Variations]"
Change component parameters (AddParameter): Name = "ComponentLink1Description"; Value = "https://cdn.harwin.com/pdfs/M20-996.pdf"; VariantName = "[No Variations]"
Change component parameters (AddParameter): Name = "ComponentLink1URL"; Value = "https://cdn.harwin.com/pdfs/M20-996.pdf"; VariantName = "[No Variations]"
Change component parameters (AddParameter): Name = "Component Name"; Value = "Header 2H"; VariantName = "[No Variations]"
Change component parameters (AddParameter): Name = "Connector Type"; Value = "Header, Cuttable"; VariantName = "[No Variations]"
Change component parameters (AddParameter): Name = "Contact Finish - Mating"; Value = "Gold"; VariantName = "[No Variations]"
Change component parameters (AddParameter): Name = "Contact Finish - Post"; Value = "-"; VariantName = "[No Variations]"
Change component parameters (AddParameter): Name = "Contact Finish Thickness - Mating"; Value = "-"; VariantName = "[No Variations]"
Change component parameters (AddParameter): Name = "Contact Finish Thickness - Post"; Value = "-"; VariantName = "[No Variations]"
Change component parameters (AddParameter): Name = "Contact Length - Mating"; Value = "0.240" (6.10mm)"; VariantName = "[No Variations]"
Change component parameters (AddParameter): Name = "Contact Length - Post"; Value = "0.118" (3.00mm)"; VariantName = "[No Variations]"
Change component parameters (AddParameter): Name = "Contact Material"; Value = "Brass"; VariantName = "[No Variations]"
Change component parameters (AddParameter): Name = "Contact Shape"; Value = "Square"; VariantName = "[No Variations]"
Change component parameters (AddParameter): Name = "Contact Type"; Value = "Male Pin"; VariantName = "[No Variations]"
Change component parameters (AddParameter): Name = "Current Rating"; Value = "3A per Contact"; VariantName = "[No Variations]"
Change component parameters (AddParameter): Name = "Fastening Type"; Value = "-"; VariantName = "[No Variations]"
Change component parameters (AddParameter): Name = "Features"; Value = "-"; VariantName = "[No Variations]"
Change component parameters (AddParameter): Name = "Ingress Protection"; Value = "-"; VariantName = "[No Variations]"
Change component parameters (AddParameter): Name = "Insulation Color"; Value = "Black"; VariantName = "[No Variations]"
Change component parameters (AddParameter): Name = "Insulation Height"; Value = "0.100" (2.54mm)"; VariantName = "[No Variations]"
Change component parameters (AddParameter): Name = "Insulation Material"; Value = "Polyamide (PA6T), Nylon 6T"; VariantName = "[No Variations]"
Change component parameters (AddParameter): Name = "LatestRevisionDate"; Value = "17-Jul-2002"; VariantName = "[No Variations]"
Change component parameters (AddParameter): Name = "LatestRevisionNote"; Value = "Re-released for DXP Platform."; VariantName = "[No Variations]"
Change component parameters (AddParameter): Name = "Manufacturer"; Value = "Harwin Inc."; VariantName = "[No Variations]"
Change component parameters (AddParameter): Name = "Manufacturer Part Number"; Value = "M20-9960245"; VariantName = "[No Variations]"
Change component parameters (AddParameter): Name = "Mated Stacking Heights"; Value = "11.72mm, 12.62mm, 12.72mm, 13.62mm, 18.22mm, 19.12mm"; VariantName = "[No Variations]"
Change component parameters (AddParameter): Name = "Material Flammability Rating"; Value = "UL94 V-0"; VariantName = "[No Variations]"
Change component parameters (AddParameter): Name = "Mounting Type"; Value = "Through Hole, Right Angle"; VariantName = "[No Variations]"
Change component parameters (AddParameter): Name = "Number of Positions"; Value = "2"; VariantName = "[No Variations]"
Change component parameters (AddParameter): Name = "Number of Positions Loaded"; Value = "All"; VariantName = "[No Variations]"
Change component parameters (AddParameter): Name = "Number of Rows"; Value = "1"; VariantName = "[No Variations]"
Change component parameters (AddParameter): Name = "Operating Temperature"; Value = "-40°C ~ 105°C"; VariantName = "[No Variations]"
Change component parameters (AddParameter): Name = "Overall Contact Length"; Value = "-"; VariantName = "[No Variations]"
Change component parameters (AddParameter): Name = "Packaging"; Value = "Bulk"; VariantName = "[No Variations]"
Change component parameters (AddParameter): Name = "Part Status"; Value = "Active"; VariantName = "[No Variations]"
Change component parameters (AddParameter): Name = "Pin Count"; Value = "2"; VariantName = "[No Variations]"
Change component parameters (AddParameter): Name = "Pitch - Mating"; Value = "0.100" (2.54mm)"; VariantName = "[No Variations]"
Change component parameters (AddParameter): Name = "Pricing 1"; Value = "1=0.15, 10=0.141, 100=0.087, 500=0.072, 1000=0.063, 5000=0.054, 10000=0.0525 (USD)"; VariantName = "[No Variations]"
Change component parameters (AddParameter): Name = "Publisher"; Value = "Altium Limited"; VariantName = "[No Variations]"
Change component parameters (AddParameter): Name = "RoHS"; Value = "RoHS Compliant"; VariantName = "[No Variations]"
Change component parameters (AddParameter): Name = "Row Spacing - Mating"; Value = "-"; VariantName = "[No Variations]"
Change component parameters (AddParameter): Name = "Shrouding"; Value = "Unshrouded"; VariantName = "[No Variations]"
Change component parameters (AddParameter): Name = "Stock 1"; Value = "17504"; VariantName = "[No Variations]"
Change component parameters (AddParameter): Name = "Style"; Value = "Board to Board or Cable"; VariantName = "[No Variations]"
Change component parameters (AddParameter): Name = "Termination"; Value = "Solder"; VariantName = "[No Variations]"
Change component parameters (AddParameter): Name = "Voltage Rating"; Value = "-"; VariantName = "[No Variations]"
Added Component: Designator=CN2(HDR1X2H)
Add component. Clean all parameters for all variants
Add component (AddParameter): Name = "Applications"; Value = "-"; VariantName = "[No Variations]"
Add component (AddParameter): Name = "ComponentLink1Description"; Value = "https://cdn.harwin.com/pdfs/M20-996.pdf"; VariantName = "[No Variations]"
Add component (AddParameter): Name = "ComponentLink1URL"; Value = "https://cdn.harwin.com/pdfs/M20-996.pdf"; VariantName = "[No Variations]"
Add component (AddParameter): Name = "Component Name"; Value = "Header 2H"; VariantName = "[No Variations]"
Add component (AddParameter): Name = "Connector Type"; Value = "Header, Cuttable"; VariantName = "[No Variations]"
Add component (AddParameter): Name = "Contact Finish - Mating"; Value = "Gold"; VariantName = "[No Variations]"
Add component (AddParameter): Name = "Contact Finish - Post"; Value = "-"; VariantName = "[No Variations]"
Add component (AddParameter): Name = "Contact Finish Thickness - Mating"; Value = "-"; VariantName = "[No Variations]"
Add component (AddParameter): Name = "Contact Finish Thickness - Post"; Value = "-"; VariantName = "[No Variations]"
Add component (AddParameter): Name = "Contact Length - Mating"; Value = "0.240" (6.10mm)"; VariantName = "[No Variations]"
Add component (AddParameter): Name = "Contact Length - Post"; Value = "0.118" (3.00mm)"; VariantName = "[No Variations]"
Add component (AddParameter): Name = "Contact Material"; Value = "Brass"; VariantName = "[No Variations]"
Add component (AddParameter): Name = "Contact Shape"; Value = "Square"; VariantName = "[No Variations]"
Add component (AddParameter): Name = "Contact Type"; Value = "Male Pin"; VariantName = "[No Variations]"
Add component (AddParameter): Name = "Current Rating"; Value = "3A per Contact"; VariantName = "[No Variations]"
Add component (AddParameter): Name = "Fastening Type"; Value = "-"; VariantName = "[No Variations]"
Add component (AddParameter): Name = "Features"; Value = "-"; VariantName = "[No Variations]"
Add component (AddParameter): Name = "Ingress Protection"; Value = "-"; VariantName = "[No Variations]"
Add component (AddParameter): Name = "Insulation Color"; Value = "Black"; VariantName = "[No Variations]"
Add component (AddParameter): Name = "Insulation Height"; Value = "0.100" (2.54mm)"; VariantName = "[No Variations]"
Add component (AddParameter): Name = "Insulation Material"; Value = "Polyamide (PA6T), Nylon 6T"; VariantName = "[No Variations]"
Add component (AddParameter): Name = "LatestRevisionDate"; Value = "17-Jul-2002"; VariantName = "[No Variations]"
Add component (AddParameter): Name = "LatestRevisionNote"; Value = "Re-released for DXP Platform."; VariantName = "[No Variations]"
Add component (AddParameter): Name = "Manufacturer"; Value = "Harwin Inc."; VariantName = "[No Variations]"
Add component (AddParameter): Name = "Manufacturer Part Number"; Value = "M20-9960245"; VariantName = "[No Variations]"
Add component (AddParameter): Name = "Mated Stacking Heights"; Value = "11.72mm, 12.62mm, 12.72mm, 13.62mm, 18.22mm, 19.12mm"; VariantName = "[No Variations]"
Add component (AddParameter): Name = "Material Flammability Rating"; Value = "UL94 V-0"; VariantName = "[No Variations]"
Add component (AddParameter): Name = "Mounting Type"; Value = "Through Hole, Right Angle"; VariantName = "[No Variations]"
Add component (AddParameter): Name = "Number of Positions"; Value = "2"; VariantName = "[No Variations]"
Add component (AddParameter): Name = "Number of Positions Loaded"; Value = "All"; VariantName = "[No Variations]"
Add component (AddParameter): Name = "Number of Rows"; Value = "1"; VariantName = "[No Variations]"
Add component (AddParameter): Name = "Operating Temperature"; Value = "-40°C ~ 105°C"; VariantName = "[No Variations]"
Add component (AddParameter): Name = "Overall Contact Length"; Value = "-"; VariantName = "[No Variations]"
Add component (AddParameter): Name = "Packaging"; Value = "Bulk"; VariantName = "[No Variations]"
Add component (AddParameter): Name = "Part Status"; Value = "Active"; VariantName = "[No Variations]"
Add component (AddParameter): Name = "Pin Count"; Value = "2"; VariantName = "[No Variations]"
Add component (AddParameter): Name = "Pitch - Mating"; Value = "0.100" (2.54mm)"; VariantName = "[No Variations]"
Add component (AddParameter): Name = "Pricing 1"; Value = "1=0.15, 10=0.141, 100=0.087, 500=0.072, 1000=0.063, 5000=0.054, 10000=0.0525 (USD)"; VariantName = "[No Variations]"
Add component (AddParameter): Name = "Publisher"; Value = "Altium Limited"; VariantName = "[No Variations]"
Add component (AddParameter): Name = "RoHS"; Value = "RoHS Compliant"; VariantName = "[No Variations]"
Add component (AddParameter): Name = "Row Spacing - Mating"; Value = "-"; VariantName = "[No Variations]"
Add component (AddParameter): Name = "Shrouding"; Value = "Unshrouded"; VariantName = "[No Variations]"
Add component (AddParameter): Name = "Stock 1"; Value = "17504"; VariantName = "[No Variations]"
Add component (AddParameter): Name = "Style"; Value = "Board to Board or Cable"; VariantName = "[No Variations]"
Add component (AddParameter): Name = "Termination"; Value = "Solder"; VariantName = "[No Variations]"
Add component (AddParameter): Name = "Voltage Rating"; Value = "-"; VariantName = "[No Variations]"
Added Component: Designator=CN3(HDR1X2H)
Add component. Clean all parameters for all variants
Add component (AddParameter): Name = "Applications"; Value = "-"; VariantName = "[No Variations]"
Add component (AddParameter): Name = "ComponentLink1Description"; Value = "https://cdn.harwin.com/pdfs/M20-996.pdf"; VariantName = "[No Variations]"
Add component (AddParameter): Name = "ComponentLink1URL"; Value = "https://cdn.harwin.com/pdfs/M20-996.pdf"; VariantName = "[No Variations]"
Add component (AddParameter): Name = "Component Name"; Value = "Header 2H"; VariantName = "[No Variations]"
Add component (AddParameter): Name = "Connector Type"; Value = "Header, Cuttable"; VariantName = "[No Variations]"
Add component (AddParameter): Name = "Contact Finish - Mating"; Value = "Gold"; VariantName = "[No Variations]"
Add component (AddParameter): Name = "Contact Finish - Post"; Value = "-"; VariantName = "[No Variations]"
Add component (AddParameter): Name = "Contact Finish Thickness - Mating"; Value = "-"; VariantName = "[No Variations]"
Add component (AddParameter): Name = "Contact Finish Thickness - Post"; Value = "-"; VariantName = "[No Variations]"
Add component (AddParameter): Name = "Contact Length - Mating"; Value = "0.240" (6.10mm)"; VariantName = "[No Variations]"
Add component (AddParameter): Name = "Contact Length - Post"; Value = "0.118" (3.00mm)"; VariantName = "[No Variations]"
Add component (AddParameter): Name = "Contact Material"; Value = "Brass"; VariantName = "[No Variations]"
Add component (AddParameter): Name = "Contact Shape"; Value = "Square"; VariantName = "[No Variations]"
Add component (AddParameter): Name = "Contact Type"; Value = "Male Pin"; VariantName = "[No Variations]"
Add component (AddParameter): Name = "Current Rating"; Value = "3A per Contact"; VariantName = "[No Variations]"
Add component (AddParameter): Name = "Fastening Type"; Value = "-"; VariantName = "[No Variations]"
Add component (AddParameter): Name = "Features"; Value = "-"; VariantName = "[No Variations]"
Add component (AddParameter): Name = "Ingress Protection"; Value = "-"; VariantName = "[No Variations]"
Add component (AddParameter): Name = "Insulation Color"; Value = "Black"; VariantName = "[No Variations]"
Add component (AddParameter): Name = "Insulation Height"; Value = "0.100" (2.54mm)"; VariantName = "[No Variations]"
Add component (AddParameter): Name = "Insulation Material"; Value = "Polyamide (PA6T), Nylon 6T"; VariantName = "[No Variations]"
Add component (AddParameter): Name = "LatestRevisionDate"; Value = "17-Jul-2002"; VariantName = "[No Variations]"
Add component (AddParameter): Name = "LatestRevisionNote"; Value = "Re-released for DXP Platform."; VariantName = "[No Variations]"
Add component (AddParameter): Name = "Manufacturer"; Value = "Harwin Inc."; VariantName = "[No Variations]"
Add component (AddParameter): Name = "Manufacturer Part Number"; Value = "M20-9960245"; VariantName = "[No Variations]"
Add component (AddParameter): Name = "Mated Stacking Heights"; Value = "11.72mm, 12.62mm, 12.72mm, 13.62mm, 18.22mm, 19.12mm"; VariantName = "[No Variations]"
Add component (AddParameter): Name = "Material Flammability Rating"; Value = "UL94 V-0"; VariantName = "[No Variations]"
Add component (AddParameter): Name = "Mounting Type"; Value = "Through Hole, Right Angle"; VariantName = "[No Variations]"
Add component (AddParameter): Name = "Number of Positions"; Value = "2"; VariantName = "[No Variations]"
Add component (AddParameter): Name = "Number of Positions Loaded"; Value = "All"; VariantName = "[No Variations]"
Add component (AddParameter): Name = "Number of Rows"; Value = "1"; VariantName = "[No Variations]"
Add component (AddParameter): Name = "Operating Temperature"; Value = "-40°C ~ 105°C"; VariantName = "[No Variations]"
Add component (AddParameter): Name = "Overall Contact Length"; Value = "-"; VariantName = "[No Variations]"
Add component (AddParameter): Name = "Packaging"; Value = "Bulk"; VariantName = "[No Variations]"
Add component (AddParameter): Name = "Part Status"; Value = "Active"; VariantName = "[No Variations]"
Add component (AddParameter): Name = "Pin Count"; Value = "2"; VariantName = "[No Variations]"
Add component (AddParameter): Name = "Pitch - Mating"; Value = "0.100" (2.54mm)"; VariantName = "[No Variations]"
Add component (AddParameter): Name = "Pricing 1"; Value = "1=0.15, 10=0.141, 100=0.087, 500=0.072, 1000=0.063, 5000=0.054, 10000=0.0525 (USD)"; VariantName = "[No Variations]"
Add component (AddParameter): Name = "Publisher"; Value = "Altium Limited"; VariantName = "[No Variations]"
Add component (AddParameter): Name = "RoHS"; Value = "RoHS Compliant"; VariantName = "[No Variations]"
Add component (AddParameter): Name = "Row Spacing - Mating"; Value = "-"; VariantName = "[No Variations]"
Add component (AddParameter): Name = "Shrouding"; Value = "Unshrouded"; VariantName = "[No Variations]"
Add component (AddParameter): Name = "Stock 1"; Value = "17504"; VariantName = "[No Variations]"
Add component (AddParameter): Name = "Style"; Value = "Board to Board or Cable"; VariantName = "[No Variations]"
Add component (AddParameter): Name = "Termination"; Value = "Solder"; VariantName = "[No Variations]"
Add component (AddParameter): Name = "Voltage Rating"; Value = "-"; VariantName = "[No Variations]"
Added Component: Designator=CN4(HDR1X2H)
Add component. Clean all parameters for all variants
Add component (AddParameter): Name = "Applications"; Value = "-"; VariantName = "[No Variations]"
Add component (AddParameter): Name = "ComponentLink1Description"; Value = "https://cdn.harwin.com/pdfs/M20-996.pdf"; VariantName = "[No Variations]"
Add component (AddParameter): Name = "ComponentLink1URL"; Value = "https://cdn.harwin.com/pdfs/M20-996.pdf"; VariantName = "[No Variations]"
Add component (AddParameter): Name = "Component Name"; Value = "Header 2H"; VariantName = "[No Variations]"
Add component (AddParameter): Name = "Connector Type"; Value = "Header, Cuttable"; VariantName = "[No Variations]"
Add component (AddParameter): Name = "Contact Finish - Mating"; Value = "Gold"; VariantName = "[No Variations]"
Add component (AddParameter): Name = "Contact Finish - Post"; Value = "-"; VariantName = "[No Variations]"
Add component (AddParameter): Name = "Contact Finish Thickness - Mating"; Value = "-"; VariantName = "[No Variations]"
Add component (AddParameter): Name = "Contact Finish Thickness - Post"; Value = "-"; VariantName = "[No Variations]"
Add component (AddParameter): Name = "Contact Length - Mating"; Value = "0.240" (6.10mm)"; VariantName = "[No Variations]"
Add component (AddParameter): Name = "Contact Length - Post"; Value = "0.118" (3.00mm)"; VariantName = "[No Variations]"
Add component (AddParameter): Name = "Contact Material"; Value = "Brass"; VariantName = "[No Variations]"
Add component (AddParameter): Name = "Contact Shape"; Value = "Square"; VariantName = "[No Variations]"
Add component (AddParameter): Name = "Contact Type"; Value = "Male Pin"; VariantName = "[No Variations]"
Add component (AddParameter): Name = "Current Rating"; Value = "3A per Contact"; VariantName = "[No Variations]"
Add component (AddParameter): Name = "Fastening Type"; Value = "-"; VariantName = "[No Variations]"
Add component (AddParameter): Name = "Features"; Value = "-"; VariantName = "[No Variations]"
Add component (AddParameter): Name = "Ingress Protection"; Value = "-"; VariantName = "[No Variations]"
Add component (AddParameter): Name = "Insulation Color"; Value = "Black"; VariantName = "[No Variations]"
Add component (AddParameter): Name = "Insulation Height"; Value = "0.100" (2.54mm)"; VariantName = "[No Variations]"
Add component (AddParameter): Name = "Insulation Material"; Value = "Polyamide (PA6T), Nylon 6T"; VariantName = "[No Variations]"
Add component (AddParameter): Name = "LatestRevisionDate"; Value = "17-Jul-2002"; VariantName = "[No Variations]"
Add component (AddParameter): Name = "LatestRevisionNote"; Value = "Re-released for DXP Platform."; VariantName = "[No Variations]"
Add component (AddParameter): Name = "Manufacturer"; Value = "Harwin Inc."; VariantName = "[No Variations]"
Add component (AddParameter): Name = "Manufacturer Part Number"; Value = "M20-9960245"; VariantName = "[No Variations]"
Add component (AddParameter): Name = "Mated Stacking Heights"; Value = "11.72mm, 12.62mm, 12.72mm, 13.62mm, 18.22mm, 19.12mm"; VariantName = "[No Variations]"
Add component (AddParameter): Name = "Material Flammability Rating"; Value = "UL94 V-0"; VariantName = "[No Variations]"
Add component (AddParameter): Name = "Mounting Type"; Value = "Through Hole, Right Angle"; VariantName = "[No Variations]"
Add component (AddParameter): Name = "Number of Positions"; Value = "2"; VariantName = "[No Variations]"
Add component (AddParameter): Name = "Number of Positions Loaded"; Value = "All"; VariantName = "[No Variations]"
Add component (AddParameter): Name = "Number of Rows"; Value = "1"; VariantName = "[No Variations]"
Add component (AddParameter): Name = "Operating Temperature"; Value = "-40°C ~ 105°C"; VariantName = "[No Variations]"
Add component (AddParameter): Name = "Overall Contact Length"; Value = "-"; VariantName = "[No Variations]"
Add component (AddParameter): Name = "Packaging"; Value = "Bulk"; VariantName = "[No Variations]"
Add component (AddParameter): Name = "Part Status"; Value = "Active"; VariantName = "[No Variations]"
Add component (AddParameter): Name = "Pin Count"; Value = "2"; VariantName = "[No Variations]"
Add component (AddParameter): Name = "Pitch - Mating"; Value = "0.100" (2.54mm)"; VariantName = "[No Variations]"
Add component (AddParameter): Name = "Pricing 1"; Value = "1=0.15, 10=0.141, 100=0.087, 500=0.072, 1000=0.063, 5000=0.054, 10000=0.0525 (USD)"; VariantName = "[No Variations]"
Add component (AddParameter): Name = "Publisher"; Value = "Altium Limited"; VariantName = "[No Variations]"
Add component (AddParameter): Name = "RoHS"; Value = "RoHS Compliant"; VariantName = "[No Variations]"
Add component (AddParameter): Name = "Row Spacing - Mating"; Value = "-"; VariantName = "[No Variations]"
Add component (AddParameter): Name = "Shrouding"; Value = "Unshrouded"; VariantName = "[No Variations]"
Add component (AddParameter): Name = "Stock 1"; Value = "17504"; VariantName = "[No Variations]"
Add component (AddParameter): Name = "Style"; Value = "Board to Board or Cable"; VariantName = "[No Variations]"
Add component (AddParameter): Name = "Termination"; Value = "Solder"; VariantName = "[No Variations]"
Add component (AddParameter): Name = "Voltage Rating"; Value = "-"; VariantName = "[No Variations]"
Added Component: Designator=CN5(battery_holder_18650)
Add component. Clean all parameters for all variants
Added Component: Designator=CN6(battery_holder_18650)
Add component. Clean all parameters for all variants
Added Component: Designator=CN8(battery_holder_18650)
Add component. Clean all parameters for all variants
Added Pin To Net: NetName=NetCN5_2 Pin=CN5-2
Added Pin To Net: NetName=GND Pin=CN6-2
Added Pin To Net: NetName=NetCN5_2 Pin=CN8-1
Added Pin To Net: NetName=NetCN7_1 Pin=CN8-2
Added Pin To Net: NetName=NetCN1_1 Pin=CN1-1
Added Pin To Net: NetName=NetCN1_1 Pin=CN2-1
Added Pin To Net: NetName=NetCN1_1 Pin=CN3-1
Added Pin To Net: NetName=NetCN1_1 Pin=CN4-1
Added Net: Name=NetCN1_1
Added Pin To Net: NetName=NetCN4_2 Pin=CN4-2
Added Pin To Net: NetName=NetCN4_2 Pin=CN5-1
Added Net: Name=NetCN4_2
Added Pin To Net: NetName=NetCN6_1 Pin=CN6-1
Added Pin To Net: NetName=NetCN6_1 Pin=CN7-2
Added Net: Name=NetCN6_1
Change Class Name : Old Net Name=hdmi_kd101n9_rev_a New Net Name=bat_pak_reva
Added Member To Class: ClassName=bat_pak_reva Member=Component CN2 Header 2H
Added Member To Class: ClassName=bat_pak_reva Member=Component CN3 Header 2H
Added Member To Class: ClassName=bat_pak_reva Member=Component CN4 Header 2H
Added Member To Class: ClassName=bat_pak_reva Member=Component CN6 18650 Bat
Added Member To Class: ClassName=bat_pak_reva Member=Component CN8 18650 Bat
Added Member To Class: ClassName=bat_pak_reva Member=Component CN9 MICROFIT 3.0 HDR 90deg 2CKT
Added Room: Name=bat_pak_reva
